<?xml version="1.0" encoding="UTF-8"?>
<testng-results ignored="0" total="1" passed="1" failed="0" skipped="0">
  <reporter-output>
  </reporter-output>
  <suite started-at="2026-05-20T09:47:50 IST" name="Default suite" finished-at="2026-05-20T09:47:56 IST" duration-ms="6072">
    <groups>
    </groups>
    <test started-at="2026-05-20T09:47:50 IST" name="Default test" finished-at="2026-05-20T09:47:56 IST" duration-ms="6072">
      <class name="simplepro.Project2">
        <test-method signature="login()[pri:0, instance:simplepro.Project2@2a65fe7c]" started-at="2026-05-20T09:47:50 IST" name="login" finished-at="2026-05-20T09:47:56 IST" duration-ms="6031" status="PASS">
          <reporter-output>
          </reporter-output>
        </test-method> <!-- login -->
      </class> <!-- simplepro.Project2 -->
    </test> <!-- Default test -->
  </suite> <!-- Default suite -->
</testng-results>
